<?xml version="1.0" encoding="UTF-8"?>
<testng-results ignored="0" total="1" passed="1" failed="0" skipped="0">
  <reporter-output>
  </reporter-output>
  <suite started-at="2025-08-12T11:11:30 IST" name="Default suite" finished-at="2025-08-12T11:11:50 IST" duration-ms="19424">
    <groups>
    </groups>
    <test started-at="2025-08-12T11:11:30 IST" name="Default test" finished-at="2025-08-12T11:11:50 IST" duration-ms="19424">
      <class name="module_9_TestNG.Assignment_1__VerifyLoginPage_HardCodedValues">
        <test-method signature="verifySDLoginPage()[pri:0, instance:module_9_TestNG.Assignment_1__VerifyLoginPage_HardCodedValues@411f53a0]" started-at="2025-08-12T11:11:30 IST" name="verifySDLoginPage" finished-at="2025-08-12T11:11:49 IST" duration-ms="19346" status="PASS">
          <reporter-output>
          </reporter-output>
        </test-method> <!-- verifySDLoginPage -->
      </class> <!-- module_9_TestNG.Assignment_1__VerifyLoginPage_HardCodedValues -->
    </test> <!-- Default test -->
  </suite> <!-- Default suite -->
</testng-results>
